https://claude.ai/share/26e69e9e-0675-4030-b97a-d3eebd5f3a6e

```bash
$ gdb -q chal
GEF for linux ready, type `gef' to start, `gef config' to configure
89 commands loaded and 5 functions added for GDB 12.1 in 0.00ms using Python engine 3.10
[+] 42 extra commands added from '/home/nopedawn/.config/gef-extras/scripts' in 0.28 seconds
[*] 1 extra commands/functions failed to be added. Check `gef missing` to know why
Reading symbols from chal...
(No debugging symbols found in chal)
gef➤  start
[+] Breaking at entry-point: 0x401650
[ Legend: Modified register | Code | Heap | Stack | String ]
───────────────────────────────────────────────────────────────────────────────────────────────── registers ────
$rax   : 0x0
$rbx   : 0x0
$rcx   : 0x0
$rdx   : 0x0
$rsp   : 0x00007fffffffda60  →  0x0000000000000001
$rbp   : 0x0
$rsi   : 0x0
$rdi   : 0x0
$rip   : 0x0000000000401650  →   endbr64
$r8    : 0x0
$r9    : 0x0
$r10   : 0x0
$r11   : 0x0
$r12   : 0x0
$r13   : 0x0
$r14   : 0x0
$r15   : 0x0
$eflags: [zero carry parity adjust sign trap INTERRUPT direction overflow resume virtualx86 identification]
$cs: 0x33 $ss: 0x2b $ds: 0x00 $es: 0x00 $fs: 0x00 $gs: 0x00
───────────────────────────────────────────────────────────────────────────────────────────────────── stack ────
0x00007fffffffda60│+0x0000: 0x0000000000000001   ← $rsp
0x00007fffffffda68│+0x0008: 0x00007fffffffdd44  →  "/home/nopedawn/CCUG/UTCTF25/Ostrich_Algorithm/chal"
0x00007fffffffda70│+0x0010: 0x0000000000000000
0x00007fffffffda78│+0x0018: 0x00007fffffffdd77  →  "SHELL=/bin/bash"
0x00007fffffffda80│+0x0020: 0x00007fffffffdd87  →  "PYENV_SHELL=bash"
0x00007fffffffda88│+0x0028: 0x00007fffffffdd98  →  "NVM_INC=/home/nopedawn/.nvm/versions/node/v20.13.1[...]"
0x00007fffffffda90│+0x0030: 0x00007fffffffddd8  →  "WSL2_GUI_APPS_ENABLED=1"
0x00007fffffffda98│+0x0038: 0x00007fffffffddf0  →  "rvm_prefix=/home/nopedawn"
─────────────────────────────────────────────────────────────────────────────────────────────── code:x86:64 ────
     0x401647                  mov    rdi, rbp
     0x40164a                  call   0x494b80
     0x40164f                  nop
●→   0x401650                  endbr64
     0x401654                  xor    ebp, ebp
     0x401656                  mov    r9, rdx
     0x401659                  pop    rsi
     0x40165a                  mov    rdx, rsp
     0x40165d                  and    rsp, 0xfffffffffffffff0
─────────────────────────────────────────────────────────────────────────────────────────────────── threads ────
[#0] Id 1, Name: "chal", stopped 0x401650 in ?? (), reason: BREAKPOINT
───────────────────────────────────────────────────────────────────────────────────────────────────── trace ────
[#0] 0x401650 → endbr64
────────────────────────────────────────────────────────────────────────────────────────────────────────────────
gef➤  continue
Continuing.
[Inferior 1 (process 20889) exited normally]
gef➤  break *0x401774
Breakpoint 1 at 0x401774
gef➤  x/32xb 0x401774+1
0x401775:       0xf3    0x0f    0x1e    0xfa    0x55    0x48    0x89    0xe5
0x40177d:       0x48    0x81    0xec    0xa0    0x00    0x00    0x00    0x64
0x401785:       0x48    0x8b    0x04    0x25    0x28    0x00    0x00    0x00
0x40178d:       0x48    0x89    0x45    0xf8    0x31    0xc0    0x48    0xb8
gef➤
```